<?xml version="1.0" encoding="UTF-8"?>
<!-- Generated by org.testng.reporters.JUnitReportReporter -->
<testsuite skipped="0" hostname="DESKTOP-2LKK6QT" name="TestNG.HybridAccountTest" tests="2" failures="0" timestamp="01 Jul 2020 22:28:06 GMT" time="36.033" errors="0">
  <testcase name="AccountTest" time="16.466" classname="TestNG.HybridAccountTest"/>
  <testcase name="AccountTest" time="19.567" classname="TestNG.HybridAccountTest"/>
</testsuite> <!-- TestNG.HybridAccountTest -->
