<?xml version="1.0" encoding="UTF-8"?>
<!-- Generated by org.testng.reporters.JUnitReportReporter -->
<testsuite skipped="0" hostname="DESKTOP-2LKK6QT" name="TestNG.HybridGoogleTest" tests="1" failures="0" timestamp="03 Jul 2020 23:58:16 GMT" time="15.161" errors="0">
  <testcase name="GoogleTest" time="15.161" classname="TestNG.HybridGoogleTest"/>
</testsuite> <!-- TestNG.HybridGoogleTest -->
