<?xml version="1.0" encoding="UTF-8"?>
<!-- Generated by org.testng.reporters.JUnitReportReporter -->
<testsuite skipped="0" hostname="DESKTOP-2LKK6QT" name="TestNG.HybridPreferenceTest" tests="3" failures="0" timestamp="01 Jul 2020 22:21:22 GMT" time="56.159" errors="0">
  <testcase name="AccountTest" time="20.705" classname="TestNG.HybridPreferenceTest"/>
  <testcase name="AccountTest" time="18.134" classname="TestNG.HybridPreferenceTest"/>
  <testcase name="AccountTest" time="17.320" classname="TestNG.HybridPreferenceTest"/>
</testsuite> <!-- TestNG.HybridPreferenceTest -->
